<?xml version="1.0" encoding="UTF-8" ?>
<testsuites>
  <testsuite errors="1" failures="0" hostname="as" id="0" name="DescriptorTests" package="pl.edu.pw.elka.ire.asiom" tests="1" time="2.608" timestamp="2013-10-14T09:47:16">
      <properties />

      <testcase classname="pl.edu.pw.elka.ire.asiom.DescriptorTests" name="testInsertDescriptor" time="2.512">
          <error message="Could not find which method assertTrue(null) to invoke from this list:&#xa;  public static void junit.framework.Assert#assertTrue(boolean)&#xa;  public static void junit.framework.Assert#assertTrue(java.lang.String, boolean)" type="org.codehaus.groovy.runtime.metaclass.MethodSelectionException">org.codehaus.groovy.runtime.metaclass.MethodSelectionException: Could not find which method assertTrue(null) to invoke from this list:
  public static void junit.framework.Assert#assertTrue(boolean)
  public static void junit.framework.Assert#assertTrue(java.lang.String, boolean)
	at pl.edu.pw.elka.ire.asiom.DescriptorTests.testInsertDescriptor(DescriptorTests.groovy:19)
</error>

      </testcase>

      <system-out><![CDATA[]]></system-out>

      <system-err><![CDATA[--Output from testInsertDescriptor--
]]></system-err>

  </testsuite>
</testsuites>
